C:\Users\jmsck\Downloads\JJC_New_Files\eunumber-master\minieun.e:1200 in procedure DefaultDivideCallBack() 
attempt to divide by 0 
    i = 4

... called from C:\Users\jmsck\Downloads\JJC_New_Files\eunumber-master\myeunumber.e:183 in function EunNthRoot()  
    n = 2
    n1 = {
           {-2},
           0,
           30,
           10,
           0
         }
    guess = {
              {1,4,1,4,2,1,3,5,6,2,3,7,3,1,0},
              0,
              30,
              10,
              0
            }
    isImag = <no value>
    exp1 = 0
    f = <no value>
    ret = <no value>
    a = <no value>

... called from C:\Users\jmsck\Downloads\JJC_New_Files\eunumber-master\myeunumber.e:209 in function EunSquareRoot()  
    n1 = {
           {-2},
           0,
           30,
           10,
           0
         }
    guess = {
              {1,4,1,4,2,1,3,5,6,2,3,7,3,1,0},
              0,
              30,
              10,
              0
            }

... called from C:\Users\jmsck\Downloads\JJC_New_Files\eunumber-master\myeunumber.e:240 in function EunSqrt()  
    n1 = {
           {-2},
           0,
           30,
           10,
           0
         }
    tmp = {
            {1,4,1,4,2,1,3,5,6,2,3,7,3,1,0},
            0,
            30,
            10,
            0
          }
    guess = {
              {1,4,1,4,2,1,3,5,6,2,3,7,3,1,0},
              0,
              30,
              10,
              0
            }
    ret = <no value>
    exp = 0
    a = 1.414213562

... called from C:\Users\jmsck\Downloads\JJC_New_Files\eunumber-master\calc.ex:441 in procedure Operations()  
    i = <no value>

... called from C:\Users\jmsck\Downloads\JJC_New_Files\eunumber-master\calc.ex:676 


Public & Export & Global & Local Variables

 C:\Users\jmsck\OneDrive\euphoria40\include\std\memconst.e:
    DEP_really_works = 1
    use_DEP = 1
    FREE_RID = 7
    kernel_dll = <no value>
    memDLL_id = <no value>
    VirtualAlloc_rid = <no value>
    VirtualLock_rid = <no value>
    VirtualUnlock_rid = <no value>
    VirtualProtect_rid = <no value>
    GetLastError_rid = <no value>
    GetSystemInfo_rid = <no value>

 C:\Users\jmsck\OneDrive\euphoria40\include\std\memory.e:
    edges_only = <no value>
    check_calls = 1
    VirtualFree_rid = 25

 C:\Users\jmsck\OneDrive\euphoria40\include\std\types.e:
    Defined_Sets = {
                     {98'b',99'c',100'd',102'f',103'g',104'h',106'j',107'k',
108'l',109'm',110'n',112'p',113'q',114'r',115's',116't',118'v',119'w',120'x',
121'y',122'z',66'B',67'C',68'D',70'F',71'G',72'H',74'J',75'K',76'L',77'M',
78'N',80'P',81'Q',82'R',83'S',84'T',86'V',87'W',88'X',89'Y',90'Z'},
                     {97'a',101'e',105'i',111'o',117'u',65'A',69'E',73'I',
79'O',85'U'},
                     {
                       {48'0',57'9'},
                       {65'A',70'F'},
                       {97'a',102'f'}
                     },
                     {32' ',9,10,13,11,160},
                     {
                       {32' ',47'/'},
                       {58':',63'?'},
                       {91'[',96'`'},
                       {123'{',126'~'}
                     },
                     {
                       {32' ',126'~'}
                     },
                     {
                       {32' ',126'~'},
                       {32' ',32' '},
                       {9,9},
                       {10,10},
                       {13,13},
                       {8,8},
                       {7,7}
                     },
                     {
                       {97'a',122'z'}
                     },
                     {
                       {65'A',90'Z'}
                     },
                     {
                       {48'0',57'9'},
                       {97'a',122'z'},
                       {65'A',90'Z'}
                     },
                     {
                       {48'0',57'9'},
                       {97'a',122'z'},
                       {65'A',90'Z'},
                       {95'_',95'_'}
                     },
                     {
                       {97'a',122'z'},
                       {65'A',90'Z'}
                     },
                     {
                       {0,127''}
                     },
                     {
                       {0,31},
                       {127'',127''}
                     },
                     {
                       {48'0',57'9'}
                     },
                     {
                       {33'!',126'~'}
                     },
                     {
                       {0,255}
                     },
                     {95'_'},
                     {1,0}
                   }

 C:\Users\jmsck\OneDrive\euphoria40\include\std\machine.e:
    FREE_ARRAY_RID = 2
    page_size = 4096
    kernel_dll = 1962606592
    memDLL_id = 1962606592
    VirtualAlloc_rid = 23
    VirtualProtect_rid = 24
    GetLastError_rid = 26
    GetSystemInfo_rid = 27
    vaa = <no value>
    system_info_ptr = <no value>
    oldprotptr = 7520832

 C:\Users\jmsck\OneDrive\euphoria40\include\std\convert.e:
    mem = 7521408
    decimal_mark = 46'.'

 C:\Users\jmsck\OneDrive\euphoria40\include\std\datetime.e:
    month_names = {
                    {74'J',97'a',110'n',117'u',97'a',114'r',121'y'},
                    {70'F',101'e',98'b',114'r',117'u',97'a',114'r',121'y'},
                    {77'M',97'a',114'r',99'c',104'h'},
                    {65'A',112'p',114'r',105'i',108'l'},
                    {77'M',97'a',121'y'},
                    {74'J',117'u',110'n',101'e'},
                    {74'J',117'u',108'l',121'y'},
                    {65'A',117'u',103'g',117'u',115's',116't'},
                    {83'S',101'e',112'p',116't',101'e',109'm',98'b',101'e',
114'r'},
                    {79'O',99'c',116't',111'o',98'b',101'e',114'r'},
                    {78'N',111'o',118'v',101'e',109'm',98'b',101'e',114'r'},
                    {68'D',101'e',99'c',101'e',109'm',98'b',101'e',114'r'}
                  }
    month_abbrs = {
                    {74'J',97'a',110'n'},
                    {70'F',101'e',98'b'},
                    {77'M',97'a',114'r'},
                    {65'A',112'p',114'r'},
                    {77'M',97'a',121'y'},
                    {74'J',117'u',110'n'},
                    {74'J',117'u',108'l'},
                    {65'A',117'u',103'g'},
                    {83'S',101'e',112'p'},
                    {79'O',99'c',116't'},
                    {78'N',111'o',118'v'},
                    {68'D',101'e',99'c'}
                  }
    day_names = {
                  {83'S',117'u',110'n',100'd',97'a',121'y'},
                  {77'M',111'o',110'n',100'd',97'a',121'y'},
                  {84'T',117'u',101'e',115's',100'd',97'a',121'y'},
                  {87'W',101'e',100'd',110'n',101'e',115's',100'd',97'a',
121'y'},
                  {84'T',104'h',117'u',114'r',115's',100'd',97'a',121'y'},
                  {70'F',114'r',105'i',100'd',97'a',121'y'},
                  {83'S',97'a',116't',117'u',114'r',100'd',97'a',121'y'}
                }
    day_abbrs = {
                  {83'S',117'u',110'n'},
                  {77'M',111'o',110'n'},
                  {84'T',117'u',101'e'},
                  {87'W',101'e',100'd'},
                  {84'T',104'h',117'u'},
                  {70'F',114'r',105'i'},
                  {83'S',97'a',116't'}
                }
    ampm = {
             {65'A',77'M'},
             {80'P',77'M'}
           }

 C:\Users\jmsck\OneDrive\euphoria40\include\std\filesys.e:
    my_dir = -2
    InitCurDir = {67'C',58':',92'\',85'U',115's',101'e',114'r',115's',92'\',
106'j',109'm',115's',99'c',107'k',92'\',68'D',111'o',119'w',110'n',108'l',
111'o',97'a',100'd',115's',92'\',74'J',74'J',67'C',95'_',78'N',101'e',119'w',
95'_',70'F',105'i',108'l',101'e',115's',92'\',101'e',117'u',110'n',117'u',
109'm',98'b',101'e',114'r',45'-',109'm',97'a',115's',116't',101'e',114'r',
92'\'}
    file_counters = {}

 C:\Users\jmsck\OneDrive\euphoria40\include\std\pretty.e:
    pretty_end_col = <no value>
    pretty_chars = <no value>
    pretty_start_col = <no value>
    pretty_level = <no value>
    pretty_file = <no value>
    pretty_ascii = <no value>
    pretty_indent = <no value>
    pretty_ascii_min = <no value>
    pretty_ascii_max = <no value>
    pretty_line_count = <no value>
    pretty_line_max = <no value>
    pretty_dots = <no value>
    pretty_line_breaks = <no value>
    pretty_printing = <no value>
    pretty_fp_format = <no value>
    pretty_int_format = <no value>
    pretty_line = <no value>

 C:\Users\jmsck\OneDrive\euphoria40\include\std\serialize.e:
    mem0 = 7521440
    mem1 = 7521441
    mem2 = 7521442
    mem3 = 7521443
    f80 = 0
    f64 = 0
    F80_TO_ATOM = 0
    i64 = 0
    PEEK8S = 0

 C:\Users\jmsck\OneDrive\euphoria40\include\std\text.e:
    lower_case_SET = {}
    upper_case_SET = {}
    encoding_NAME = {65'A',83'S',67'C',73'I',73'I'}
    user32 = 1978138624
    api_CharLowerBuff = 37'%'
    api_CharUpperBuff = 38'&'
    tm_size = 1024
    temp_mem = 44110184

 C:\Users\jmsck\OneDrive\euphoria40\include\std\io.e:
    mem0 = 7521568
    mem1 = 7521569
    mem2 = 7521570
    mem3 = 7521571

 C:\Users\jmsck\OneDrive\euphoria40\include\std\get.e:
    input_file = <no value>
    input_string = {49'1',10}
    string_next = 3
    ch = 10
    leading_whitespace = <no value>

 C:\Users\jmsck\OneDrive\euphoria40\include\std\eumem.e:
    ram_space = {}
    ram_free_list = 0
    free_rid = 6

 C:\Users\jmsck\OneDrive\euphoria40\include\std\primes.e:
    list_of_primes = {2,3}

 C:\Users\jmsck\OneDrive\euphoria40\include\std\map.e:
    threshold_size = 23

 C:\Users\jmsck\OneDrive\euphoria40\include\std\graphcst.e:
    true_fgcolor = {0,1,2,3,4,5,6,7,8,9,10,11,12,13,14,15,16,17,18,19,20,
21,22,23,24,25,26,27,28,29,30,31}
    true_bgcolor = {0,1,2,3,4,5,6,7,8,9,10,11,12,13,14,15,16,17,18,19,20,
21,22,23,24,25,26,27,28,29,30,31}

 C:\Users\jmsck\OneDrive\euphoria40\include\get.e:
    input_file = <no value>
    input_string = {43'+',48'0',48'0'}
    string_next = 4
    ch = -1

 C:\Users\jmsck\Downloads\JJC_New_Files\eunumber-master\allocate.e:
    pretty_file = <no value>
    pretty_end_col = <no value>
    pretty_chars = <no value>
    pretty_start_col = <no value>
    pretty_level = <no value>
    pretty_ascii = <no value>
    pretty_indent = <no value>
    pretty_ascii_min = <no value>
    pretty_ascii_max = <no value>
    pretty_line_count = <no value>
    pretty_line_max = <no value>
    pretty_dots = <no value>
    pretty_fp_format = <no value>
    pretty_int_format = <no value>
    pretty_line = <no value>

 C:\Users\jmsck\Downloads\JJC_New_Files\eunumber-master\minieun.e:
    nanosleep = -1
    divideByZeroFlag = 0
    zeroDividedByZeroFlag = 1
    defaultTargetLength = 30
    defaultRadix = 10
    isRoundToZero = 0
    adjustRound = 0
    calculationSpeed = 30
    multInvMoreAccuracy = -1
    iter = 1000000000
    lastIterCount = 0
    ROUND_TO_NEAREST_OPTION = 0
    ROUND = 1
    multLastLen = 0
    multLastRadix = 0
    multLen = <no value>
    multlogt = <no value>
    multlogr = <no value>
    useLongDivision = 1
    forSmallRadix = 0
    sigDigits = 0
    minSigDigits = 0
    maxSigDigits = 0
    static_multInvRadix = 0
    static_logRadix = 0
    divideCallBackId = 8
    howComplete = {-1,0}
    equalLength = 0

 C:\Users\jmsck\Downloads\JJC_New_Files\eunumber-master\myeunumber.e:
    Z = 2
    realMode = 1
    nthRootMoreAccuracy = -1
    nthRootIter = 1000000000
    lastNthRootIter = 0
    nthRootHowComplete = {-1,0}
    arcTanMoreAccuracy = -1
    arcTanIter = 1000000000
    arcTanCount = 0
    arcTanHowComplete = {-1,0}
    quarterPI = {0,0,0,0}
    expExp1Iter = 1000
    exp1HowComplete = {-1,0}
    expWholeHowComplete = {0,-1}
    expMoreAccuracy = -1
    expExpIter = 1000000000
    expExpCount = 0
    expHowComplete = {-1,0}
    eunE = {0,0,0,0}
    ExpExpFastIter = 1
    expFastHowComplete = {-1,0}
    logMoreAccuracy = -1
    logIter = 1000000000
    logIterCount = 0
    logHowComplete = {-1,0}
    sinMoreAccuracy = -1
    sinIter = 1000000000
    sinIterCount = 0
    trigHowComplete = {-1,0}
    cosMoreAccuracy = -1
    cosIter = 1000000000
    cosIterCount = 0
    arcSinMoreAccuracy = -1
    arcSinIter = 1000000000
    arcSinIterCount = 0
    arcSinHowComplete = {-1,0}
    delta = {
              {1},
              -10
            }
    eurootsAdjustRound = 4
    a = <no value>
    b = <no value>
    c = <no value>
    d = <no value>
    fa = <no value>
    fb = <no value>
    fc = <no value>
    s = <no value>
    fs = <no value>
    tmp = <no value>
    tmp1 = <no value>
    tmp2 = <no value>
    mflag = <no value>
    lookatIter = <no value>
    comp1 = <no value>
    comp2 = <no value>
    complexSqrtAdjustRound = 4

 C:\Users\jmsck\Downloads\JJC_New_Files\eunumber-master\calc.ex:
    tmp = <no value>
    st = {115's'}
    vars = {
             {
               {
                 {-2},
                 0,
                 30,
                 10,
                 0
               },
               {{},0,30,10,0}
             }
           }
    n = 1
    ch = 115's'
    f = <no value>
    n1 = {
           {-2},
           0,
           30,
           10,
           0
         }
    n2 = <no value>
    n3 = <no value>
    n4 = <no value>
    c1 = {{},0,30,10,0}
    c2 = <no value>
    c3 = <no value>
    c4 = <no value>


Traced lines leading up to the failure:

C:\Users\jmsck\Downloads\JJC_New_Files\eunumber-master\minieun.e:239		return i >= 1
C:\Users\jmsck\Downloads\JJC_New_Files\eunumber-master\minieun.e:213	ifdef USE_SMALL_RADIX then
C:\Users\jmsck\Downloads\JJC_New_Files\eunumber-master\minieun.e:216		return a >= 2 and a <= DOUBLE_RADIX -- must be 2.0 or larger
C:\Users\jmsck\Downloads\JJC_New_Files\eunumber-master\minieun.e:1312		return (targetLength * power(radix - 1, 3) <= DOUBLE_INT_MAX)
C:\Users\jmsck\Downloads\JJC_New_Files\eunumber-master\minieun.e:193		return i >= 2
C:\Users\jmsck\Downloads\JJC_New_Files\eunumber-master\minieun.e:1321		if sequence(x) then
C:\Users\jmsck\Downloads\JJC_New_Files\eunumber-master\minieun.e:1322		if length(x) = 5 then
C:\Users\jmsck\Downloads\JJC_New_Files\eunumber-master\minieun.e:1323		if sequence(x[1]) then
C:\Users\jmsck\Downloads\JJC_New_Files\eunumber-master\minieun.e:1324		if integer(x[2]) then
C:\Users\jmsck\Downloads\JJC_New_Files\eunumber-master\minieun.e:1325		if integer(x[5]) then
C:\Users\jmsck\Downloads\JJC_New_Files\eunumber-master\minieun.e:1326		if integer(x[3]) then
C:\Users\jmsck\Downloads\JJC_New_Files\eunumber-master\minieun.e:1327		if atom(x[4]) then
C:\Users\jmsck\Downloads\JJC_New_Files\eunumber-master\minieun.e:1328			return IsProperLengthAndRadix(x[3], x[4])
C:\Users\jmsck\Downloads\JJC_New_Files\eunumber-master\minieun.e:239		return i >= 1
C:\Users\jmsck\Downloads\JJC_New_Files\eunumber-master\minieun.e:213	ifdef USE_SMALL_RADIX then
C:\Users\jmsck\Downloads\JJC_New_Files\eunumber-master\minieun.e:216		return a >= 2 and a <= DOUBLE_RADIX -- must be 2.0 or larger
C:\Users\jmsck\Downloads\JJC_New_Files\eunumber-master\minieun.e:1312		return (targetLength * power(radix - 1, 3) <= DOUBLE_INT_MAX)
C:\Users\jmsck\Downloads\JJC_New_Files\eunumber-master\minieun.e:402		return not IsIntegerOdd(i)
C:\Users\jmsck\Downloads\JJC_New_Files\eunumber-master\minieun.e:398		return remainder(i, 2) and 1
C:\Users\jmsck\Downloads\JJC_New_Files\eunumber-master\minieun.e:1187		if i = 1 then
C:\Users\jmsck\Downloads\JJC_New_Files\eunumber-master\minieun.e:1189		elsif i = 2 then
C:\Users\jmsck\Downloads\JJC_New_Files\eunumber-master\minieun.e:1191		elsif i = 3 then
C:\Users\jmsck\Downloads\JJC_New_Files\eunumber-master\minieun.e:1193		elsif i = 4 then
C:\Users\jmsck\Downloads\JJC_New_Files\eunumber-master\minieun.e:1194			puts(1, "Error(2):  In MyEuNumber, in real mode, even root of -1, i.e. sqrt(-1).\n  See file: ex.err\n")
C:\Users\jmsck\Downloads\JJC_New_Files\eunumber-master\minieun.e:1200		abort(1/0)


